<?xml version="1.0" encoding="UTF-8"?>
<!-- Generated by org.testng.reporters.JUnitReportReporter -->
<testsuite skipped="0" hostname="LAPTOP-84BNC9QL" name="Testjenkins.Jenkin" tests="1" failures="0" timestamp="02 Jul 2020 15:12:08 GMT" time="55.942" errors="0">
  <testcase name="launchchrome" time="55.942" classname="Testjenkins.Jenkin"/>
</testsuite> <!-- Testjenkins.Jenkin -->
