<?xml version="1.0" encoding="UTF-8"?>
<!-- Generated by org.testng.reporters.JUnitReportReporter -->
<testsuite skipped="0" hostname="LAPTOP-84BNC9QL" name="Testjenkins.Jenkin" tests="2" failures="0" timestamp="05 Jul 2020 07:25:46 GMT" time="58.497" errors="0">
  <testcase name="ganatest" time="24.031" classname="Testjenkins.Jenkin"/>
  <testcase name="instatest" time="34.466" classname="Testjenkins.Jenkin"/>
</testsuite> <!-- Testjenkins.Jenkin -->
